0 info it worked if it ends with ok
1 verbose cli [ '/usr/bin/nodejs', '/usr/bin/npm', 'run', 'babel' ]
2 info using npm@3.5.2
3 info using node@v4.2.6
4 verbose run-script [ 'prebabel', 'babel', 'postbabel' ]
5 info lifecycle projeto1-sd1@1.0.0~prebabel: projeto1-sd1@1.0.0
6 silly lifecycle projeto1-sd1@1.0.0~prebabel: no script for prebabel, continuing
7 info lifecycle projeto1-sd1@1.0.0~babel: projeto1-sd1@1.0.0
8 verbose lifecycle projeto1-sd1@1.0.0~babel: unsafe-perm in lifecycle true
9 verbose lifecycle projeto1-sd1@1.0.0~babel: PATH: /usr/share/npm/bin/node-gyp-bin:/home/aluno/projeto-1/p1-g4/node_modules/.bin:/home/aluno/bin:/home/aluno/.local/bin:/usr/local/sbin:/usr/local/bin:/usr/sbin:/usr/bin:/sbin:/bin:/usr/games:/usr/local/games:/snap/bin
10 verbose lifecycle projeto1-sd1@1.0.0~babel: CWD: /home/aluno/projeto-1/p1-g4
11 silly lifecycle projeto1-sd1@1.0.0~babel: Args: [ '-c', 'babel-node ./server/irc-server.js' ]
12 silly lifecycle projeto1-sd1@1.0.0~babel: Returned: code: 1  signal: null
13 info lifecycle projeto1-sd1@1.0.0~babel: Failed to exec babel script
14 verbose stack Error: projeto1-sd1@1.0.0 babel: `babel-node ./server/irc-server.js`
14 verbose stack Exit status 1
14 verbose stack     at EventEmitter.<anonymous> (/usr/share/npm/lib/utils/lifecycle.js:232:16)
14 verbose stack     at emitTwo (events.js:87:13)
14 verbose stack     at EventEmitter.emit (events.js:172:7)
14 verbose stack     at ChildProcess.<anonymous> (/usr/share/npm/lib/utils/spawn.js:24:14)
14 verbose stack     at emitTwo (events.js:87:13)
14 verbose stack     at ChildProcess.emit (events.js:172:7)
14 verbose stack     at maybeClose (internal/child_process.js:821:16)
14 verbose stack     at Process.ChildProcess._handle.onexit (internal/child_process.js:211:5)
15 verbose pkgid projeto1-sd1@1.0.0
16 verbose cwd /home/aluno/projeto-1/p1-g4/server
17 error Linux 4.4.0-93-generic
18 error argv "/usr/bin/nodejs" "/usr/bin/npm" "run" "babel"
19 error node v4.2.6
20 error npm  v3.5.2
21 error code ELIFECYCLE
22 error projeto1-sd1@1.0.0 babel: `babel-node ./server/irc-server.js`
22 error Exit status 1
23 error Failed at the projeto1-sd1@1.0.0 babel script 'babel-node ./server/irc-server.js'.
23 error Make sure you have the latest version of node.js and npm installed.
23 error If you do, this is most likely a problem with the projeto1-sd1 package,
23 error not with npm itself.
23 error Tell the author that this fails on your system:
23 error     babel-node ./server/irc-server.js
23 error You can get information on how to open an issue for this project with:
23 error     npm bugs projeto1-sd1
23 error Or if that isn't available, you can get their info via:
23 error     npm owner ls projeto1-sd1
23 error There is likely additional logging output above.
24 verbose exit [ 1, true ]
